#
# There is insufficient memory for the Java Runtime Environment to continue.
# Native memory allocation (mmap) failed to map 132120576 bytes for G1 virtual space
# Possible reasons:
#   The system is out of physical RAM or swap space
#   The process is running with CompressedOops enabled, and the Java Heap may be blocking the growth of the native heap
# Possible solutions:
#   Reduce memory load on the system
#   Increase physical memory or swap space
#   Check if swap backing store is full
#   Decrease Java heap size (-Xmx/-Xms)
#   Decrease number of Java threads
#   Decrease Java thread stack sizes (-Xss)
#   Set larger code cache with -XX:ReservedCodeCacheSize=
#   JVM is running with Unscaled Compressed Oops mode in which the Java heap is
#     placed in the first 4GB address space. The Java Heap base address is the
#     maximum limit for the native heap growth. Please use -XX:HeapBaseMinAddress
#     to set the Java Heap base and to place the Java Heap above 4GB virtual address.
# This output file may be truncated or incomplete.
#
#  Out of Memory Error (os_windows.cpp:3466), pid=16872, tid=15256
#
# JRE version:  (16.0.2+7) (build )
# Java VM: Java HotSpot(TM) 64-Bit Server VM (16.0.2+7-67, mixed mode, sharing, tiered, compressed oops, compressed class ptrs, g1 gc, windows-amd64)
# No core dump will be written. Minidumps are not enabled by default on client versions of Windows
#

---------------  S U M M A R Y ------------

Command Line: -Dfile.encoding=UTF-8 javaapplication30.mainpage

Host: Intel(R) Core(TM) i5-1035G1 CPU @ 1.00GHz, 8 cores, 7G,  Windows 10 , 64 bit Build 22000 (10.0.22000.318)
Time: Thu Nov 25 11:25:28 2021 India Standard Time elapsed time: 0.018344 seconds (0d 0h 0m 0s)

---------------  T H R E A D  ---------------

Current thread (0x000001e5bc228ac0):  JavaThread "Unknown thread" [_thread_in_vm, id=15256, stack(0x000000d6dd800000,0x000000d6dd900000)]

Stack: [0x000000d6dd800000,0x000000d6dd900000]
Native frames: (J=compiled Java code, j=interpreted, Vv=VM code, C=native code)
V  [jvm.dll+0x6681ca]
V  [jvm.dll+0x7c9e69]
V  [jvm.dll+0x7cb61e]
V  [jvm.dll+0x7cbc73]
V  [jvm.dll+0x242c55]
V  [jvm.dll+0x664f89]
V  [jvm.dll+0x659b75]
V  [jvm.dll+0x2fbfbb]
V  [jvm.dll+0x3031b6]
V  [jvm.dll+0x35299e]
V  [jvm.dll+0x352bcf]
V  [jvm.dll+0x2d3028]
V  [jvm.dll+0x2d4264]
V  [jvm.dll+0x79c741]
V  [jvm.dll+0x360791]
V  [jvm.dll+0x77a3f0]
V  [jvm.dll+0x3e4e8f]
V  [jvm.dll+0x3e6961]
C  [jli.dll+0x52fb]
C  [ucrtbase.dll+0x26c0c]
C  [KERNEL32.DLL+0x154e0]
C  [ntdll.dll+0x485b]


---------------  P R O C E S S  ---------------

Threads class SMR info:
_java_thread_list=0x00007ffb1f03cbb8, length=0, elements={
}

Java Threads: ( => current thread )

Other Threads:
  0x000001e5bc269270 GCTaskThread "GC Thread#0" [stack: 0x000000d6dd900000,0x000000d6dda00000] [id=19552]
  0x000001e5bc27acc0 ConcurrentGCThread "G1 Main Marker" [stack: 0x000000d6dda00000,0x000000d6ddb00000] [id=27484]
  0x000001e5bc27b6b0 ConcurrentGCThread "G1 Conc#0" [stack: 0x000000d6ddb00000,0x000000d6ddc00000] [id=4152]

[error occurred during error reporting (printing all threads), id 0xc0000005, EXCEPTION_ACCESS_VIOLATION (0xc0000005) at pc=0x00007ffb1e813ee7]

VM state: not at safepoint (not fully initialized)

VM Mutex/Monitor currently owned by a thread:  ([mutex/lock_event])
[0x000001e5bc224f60] Heap_lock - owner thread: 0x000001e5bc228ac0

Heap address: 0x0000000083000000, size: 2000 MB, Compressed Oops mode: 32-bit

CDS archive(s) mapped at: [0x0000000000000000-0x0000000000000000-0x0000000000000000), size 0, SharedBaseAddress: 0x0000000800000000, ArchiveRelocationMode: 0.
Narrow klass base: 0x0000000000000000, Narrow klass shift: 0, Narrow klass range: 0x0

GC Precious Log:
<Empty>

Heap:
 garbage-first heap   total 0K, used 0K [0x0000000083000000, 0x0000000100000000)
  region size 1024K, 0 young (0K), 0 survivors (0K)

[error occurred during error reporting (printing heap information), id 0xc0000005, EXCEPTION_ACCESS_VIOLATION (0xc0000005) at pc=0x00007ffb1ebf1eed]

GC Heap History (0 events):
No events

Deoptimization events (0 events):
No events

Classes unloaded (0 events):
No events

Classes redefined (0 events):
No events

Internal exceptions (0 events):
No events

Events (1 events):
Event: 0.010 Loaded shared library C:\Program Files\Java\jdk-16.0.2\bin\java.dll


Dynamic libraries:
0x00007ff669380000 - 0x00007ff669390000 	C:\Program Files\Java\jdk-16.0.2\bin\java.exe
0x00007ffb86860000 - 0x00007ffb86a67000 	C:\WINDOWS\SYSTEM32\ntdll.dll
0x00007ffb84e50000 - 0x00007ffb84f0d000 	C:\WINDOWS\System32\KERNEL32.DLL
0x00007ffb84250000 - 0x00007ffb845c4000 	C:\WINDOWS\System32\KERNELBASE.dll
0x00007ffb84130000 - 0x00007ffb84241000 	C:\WINDOWS\System32\ucrtbase.dll
0x00007ffb7d6f0000 - 0x00007ffb7d709000 	C:\Program Files\Java\jdk-16.0.2\bin\VCRUNTIME140.dll
0x00007ffb76480000 - 0x00007ffb76498000 	C:\Program Files\Java\jdk-16.0.2\bin\jli.dll
0x00007ffb85cb0000 - 0x00007ffb85d5c000 	C:\WINDOWS\System32\ADVAPI32.dll
0x00007ffb84f10000 - 0x00007ffb84fb3000 	C:\WINDOWS\System32\msvcrt.dll
0x00007ffb85120000 - 0x00007ffb851bd000 	C:\WINDOWS\System32\sechost.dll
0x00007ffb866f0000 - 0x00007ffb86811000 	C:\WINDOWS\System32\RPCRT4.dll
0x00007ffb86540000 - 0x00007ffb866ec000 	C:\WINDOWS\System32\USER32.dll
0x00007ffb74d50000 - 0x00007ffb74ff5000 	C:\WINDOWS\WinSxS\amd64_microsoft.windows.common-controls_6595b64144ccf1df_6.0.22000.120_none_9d947278b86cc467\COMCTL32.dll
0x00007ffb845d0000 - 0x00007ffb845f6000 	C:\WINDOWS\System32\win32u.dll
0x00007ffb84c60000 - 0x00007ffb84c89000 	C:\WINDOWS\System32\GDI32.dll
0x00007ffb84010000 - 0x00007ffb84122000 	C:\WINDOWS\System32\gdi32full.dll
0x00007ffb83eb0000 - 0x00007ffb83f4d000 	C:\WINDOWS\System32\msvcp_win.dll
0x00007ffb7ee00000 - 0x00007ffb7ee0a000 	C:\WINDOWS\SYSTEM32\VERSION.dll
0x00007ffb850c0000 - 0x00007ffb850f1000 	C:\WINDOWS\System32\IMM32.DLL
0x00007ffb7ebe0000 - 0x00007ffb7ebec000 	C:\Program Files\Java\jdk-16.0.2\bin\vcruntime140_1.dll
0x00007ffb6a1c0000 - 0x00007ffb6a251000 	C:\Program Files\Java\jdk-16.0.2\bin\msvcp140.dll
0x00007ffb1e530000 - 0x00007ffb1f0db000 	C:\Program Files\Java\jdk-16.0.2\bin\server\jvm.dll
0x00007ffb85e60000 - 0x00007ffb85e68000 	C:\WINDOWS\System32\PSAPI.DLL
0x00007ffb7ebf0000 - 0x00007ffb7ebf9000 	C:\WINDOWS\SYSTEM32\WSOCK32.dll
0x00007ffb7f490000 - 0x00007ffb7f4c3000 	C:\WINDOWS\SYSTEM32\WINMM.dll
0x00007ffb84870000 - 0x00007ffb848df000 	C:\WINDOWS\System32\WS2_32.dll
0x00007ffb82f50000 - 0x00007ffb82f68000 	C:\WINDOWS\SYSTEM32\kernel.appcore.dll
0x00007ffb7ebc0000 - 0x00007ffb7ebca000 	C:\Program Files\Java\jdk-16.0.2\bin\jimage.dll
0x00007ffb81910000 - 0x00007ffb81b31000 	C:\WINDOWS\SYSTEM32\DBGHELP.DLL
0x00007ffb7e6d0000 - 0x00007ffb7e701000 	C:\WINDOWS\SYSTEM32\dbgcore.DLL
0x00007ffb84600000 - 0x00007ffb84680000 	C:\WINDOWS\System32\bcryptPrimitives.dll
0x00007ffb7cf30000 - 0x00007ffb7cf55000 	C:\Program Files\Java\jdk-16.0.2\bin\java.dll

dbghelp: loaded successfully - version: 4.0.5 - missing functions: none
symbol engine: initialized successfully - sym options: 0x614 - pdb path: .;C:\Program Files\Java\jdk-16.0.2\bin;C:\WINDOWS\SYSTEM32;C:\WINDOWS\WinSxS\amd64_microsoft.windows.common-controls_6595b64144ccf1df_6.0.22000.120_none_9d947278b86cc467;C:\Program Files\Java\jdk-16.0.2\bin\server

VM Arguments:
jvm_args: -Dfile.encoding=UTF-8 
java_command: javaapplication30.mainpage
java_class_path (initial): C:\Users\RR\Downloads\mysql-connector.jar;C:\Users\RR\Documents\NetBeansProjects\JavaApplication30\build\classes
Launcher Type: SUN_STANDARD

[Global flags]
     intx CICompilerCount                          = 4                                         {product} {ergonomic}
     uint ConcGCThreads                            = 2                                         {product} {ergonomic}
     uint G1ConcRefinementThreads                  = 8                                         {product} {ergonomic}
   size_t G1HeapRegionSize                         = 1048576                                   {product} {ergonomic}
    uintx GCDrainStackTargetSize                   = 64                                        {product} {ergonomic}
   size_t InitialHeapSize                          = 132120576                                 {product} {ergonomic}
   size_t MarkStackSize                            = 4194304                                   {product} {ergonomic}
   size_t MaxHeapSize                              = 2097152000                                {product} {ergonomic}
   size_t MinHeapDeltaBytes                        = 1048576                                   {product} {ergonomic}
   size_t MinHeapSize                              = 8388608                                   {product} {ergonomic}
    uintx NonNMethodCodeHeapSize                   = 5839372                                {pd product} {ergonomic}
    uintx NonProfiledCodeHeapSize                  = 122909434                              {pd product} {ergonomic}
    uintx ProfiledCodeHeapSize                     = 122909434                              {pd product} {ergonomic}
    uintx ReservedCodeCacheSize                    = 251658240                              {pd product} {ergonomic}
     bool SegmentedCodeCache                       = true                                      {product} {ergonomic}
   size_t SoftMaxHeapSize                          = 2097152000                             {manageable} {ergonomic}
     bool UseCompressedClassPointers               = true                           {product lp64_product} {ergonomic}
     bool UseCompressedOops                        = true                           {product lp64_product} {ergonomic}
     bool UseG1GC                                  = true                                      {product} {ergonomic}
     bool UseLargePagesIndividualAllocation        = false                                  {pd product} {ergonomic}

Logging:
Log output configuration:
 #0: stdout all=warning uptime,level,tags
 #1: stderr all=off uptime,level,tags

Environment Variables:
PATH=C:\Program Files\Common Files\Oracle\Java\javapath;C:\Windows\system32;C:\Windows;C:\Windows\System32\Wbem;C:\Windows\System32\WindowsPowerShell\v1.0\;C:\Windows\System32\OpenSSH\;C:\Program Files (x86)\NVIDIA Corporation\PhysX\Common;C:\WINDOWS\system32;C:\WINDOWS;C:\WINDOWS\System32\Wbem;C:\WINDOWS\System32\WindowsPowerShell\v1.0\;C:\WINDOWS\System32\OpenSSH\;C:\Users\RR\AppData\Local\Microsoft\WindowsApps;;C:\Users\RR\AppData\Local\Programs\Microsoft VS Code\bin
USERNAME=RR
OS=Windows_NT
PROCESSOR_IDENTIFIER=Intel64 Family 6 Model 126 Stepping 5, GenuineIntel



---------------  S Y S T E M  ---------------

OS:
 Windows 10 , 64 bit Build 22000 (10.0.22000.318)
OS uptime: 11 days 11:25 hours

CPU: total 8 (initial active 8) (4 cores per cpu, 2 threads per core) family 6 model 126 stepping 5 microcode 0xa6, cx8, cmov, fxsr, ht, mmx, 3dnowpref, sse, sse2, sse3, ssse3, sse4.1, sse4.2, popcnt, lzcnt, tsc, tscinvbit, avx, avx2, aes, erms, clmul, bmi1, bmi2, adx, avx512f, avx512dq, avx512cd, avx512bw, avx512vl, sha, fma, vzeroupper, avx512_vpopcntdq, avx512_vpclmulqdq, avx512_vaes, avx512_vnni, clflush, clflushopt, avx512_vmbi2, avx512_vmbi

Memory: 4k page, system-wide physical 7997M (533M free)
TotalPageFile size 32573M (AvailPageFile size 22M)
current process WorkingSet (physical memory assigned to process): 10M, peak: 10M
current process commit charge ("private bytes"): 60M, peak: 186M

vm_info: Java HotSpot(TM) 64-Bit Server VM (16.0.2+7-67) for windows-amd64 JRE (16.0.2+7-67), built on Jun  8 2021 23:24:19 by "mach5one" with MS VC++ 16.7 (VS2019)

END.
